[debug] [2019-04-08T20:32:45.560Z] ----------------------------------------------------------------------
[debug] [2019-04-08T20:32:45.566Z] Command:       C:\Program Files\nodejs\node.exe C:\Users\avital\AppData\Roaming\npm\node_modules\firebase-tools\lib\bin\firebase.js init functions
[debug] [2019-04-08T20:32:45.566Z] CLI Version:   6.5.3
[debug] [2019-04-08T20:32:45.566Z] Platform:      win32
[debug] [2019-04-08T20:32:45.566Z] Node Version:  v10.15.1
[debug] [2019-04-08T20:32:45.580Z] Time:          Mon Apr 08 2019 23:32:45 GMT+0300 (Israel Daylight Time)
[debug] [2019-04-08T20:32:45.580Z] ----------------------------------------------------------------------
[debug] 
[debug] [2019-04-08T20:32:45.611Z] > command requires scopes: ["email","openid","https://www.googleapis.com/auth/cloudplatformprojects.readonly","https://www.googleapis.com/auth/firebase","https://www.googleapis.com/auth/cloud-platform"]
[debug] [2019-04-08T20:32:45.612Z] > authorizing via signed-in user
[info] 
     ######## #### ########  ######## ########     ###     ######  ########
     ##        ##  ##     ## ##       ##     ##  ##   ##  ##       ##
     ######    ##  ########  ######   ########  #########  ######  ######
     ##        ##  ##    ##  ##       ##     ## ##     ##       ## ##
     ##       #### ##     ## ######## ########  ##     ##  ######  ########

You're about to initialize a Firebase project in this directory:

  C:\Users\avital\Documents\Node\app

Before we get started, keep in mind:

  * You are initializing in an existing Firebase project directory

[info] 
=== Project Setup
[info] 
[info] First, let's associate this project directory with a Firebase project.
[info] You can create multiple project aliases by running firebase use --add, 
[info] but for now we'll just set up a default project.
[info] 
[info] i  .firebaserc already has a default project, skipping
[info] 
=== Functions Setup
[info] 
[info] A functions directory will be created in your project with a Node.js
[info] package pre-configured. Functions can be deployed with firebase deploy.
[info] 
[debug] [2019-04-08T20:32:49.659Z] > command requires scopes: ["email","openid","https://www.googleapis.com/auth/cloudplatformprojects.readonly","https://www.googleapis.com/auth/firebase","https://www.googleapis.com/auth/cloud-platform"]
[debug] [2019-04-08T20:32:49.661Z] > authorizing via signed-in user
[debug] [2019-04-08T20:32:49.664Z] > refreshing access token with scopes: ["email","https://www.googleapis.com/auth/cloud-platform","https://www.googleapis.com/auth/cloudplatformprojects.readonly","https://www.googleapis.com/auth/firebase","openid"]
[debug] [2019-04-08T20:32:49.665Z] >>> HTTP REQUEST POST https://www.googleapis.com/oauth2/v3/token  
 <request body omitted>
[debug] [2019-04-08T20:32:50.027Z] <<< HTTP RESPONSE 200
[debug] [2019-04-08T20:32:50.052Z] >>> HTTP REQUEST GET https://firebase.googleapis.com/v1beta1/projects/rhythmes-90713  
 
[debug] [2019-04-08T20:32:50.660Z] <<< HTTP RESPONSE 200
[debug] [2019-04-08T20:32:50.673Z] >>> HTTP REQUEST PATCH https://servicemanagement.googleapis.com/v1/services/cloudfunctions.googleapis.com/projectSettings/rhythmes-90713?updateMask=usageSettings  

[debug] [2019-04-08T20:32:50.675Z] >>> HTTP REQUEST PATCH https://servicemanagement.googleapis.com/v1/services/runtimeconfig.googleapis.com/projectSettings/rhythmes-90713?updateMask=usageSettings  

[debug] [2019-04-08T20:32:52.707Z] <<< HTTP RESPONSE 200
[debug] [2019-04-08T20:32:52.925Z] <<< HTTP RESPONSE 200
